[debug] [2024-01-27T15:41:34.086Z] ----------------------------------------------------------------------
[debug] [2024-01-27T15:41:34.092Z] Command:       /opt/homebrew/Cellar/node/21.1.0/bin/node /opt/homebrew/bin/firebase use --add
[debug] [2024-01-27T15:41:34.093Z] CLI Version:   13.1.0
[debug] [2024-01-27T15:41:34.093Z] Platform:      darwin
[debug] [2024-01-27T15:41:34.093Z] Node Version:  v21.1.0
[debug] [2024-01-27T15:41:34.093Z] Time:          Sat Jan 27 2024 15:41:34 GMT+0000 (Greenwich Mean Time)
[debug] [2024-01-27T15:41:34.093Z] ----------------------------------------------------------------------
[debug] 
[debug] [2024-01-27T15:41:34.126Z] > command requires scopes: ["email","openid","https://www.googleapis.com/auth/cloudplatformprojects.readonly","https://www.googleapis.com/auth/firebase","https://www.googleapis.com/auth/cloud-platform"]
[debug] [2024-01-27T15:41:34.126Z] > authorizing via signed-in user (mycroft2003@gmail.com)
[debug] [2024-01-27T15:41:34.127Z] > refreshing access token with scopes: []
[debug] [2024-01-27T15:41:34.128Z] >>> [apiv2][query] POST https://www.googleapis.com/oauth2/v3/token [none]
[debug] [2024-01-27T15:41:34.128Z] >>> [apiv2][body] POST https://www.googleapis.com/oauth2/v3/token [omitted]
[debug] [2024-01-27T15:41:34.627Z] <<< [apiv2][status] POST https://www.googleapis.com/oauth2/v3/token 200
[debug] [2024-01-27T15:41:34.627Z] <<< [apiv2][body] POST https://www.googleapis.com/oauth2/v3/token [omitted]
[debug] [2024-01-27T15:41:34.640Z] >>> [apiv2][query] GET https://firebase.googleapis.com/v1beta1/projects pageSize=1000
[debug] [2024-01-27T15:41:35.932Z] <<< [apiv2][status] GET https://firebase.googleapis.com/v1beta1/projects 200
[debug] [2024-01-27T15:41:35.932Z] <<< [apiv2][body] GET https://firebase.googleapis.com/v1beta1/projects [omitted]
[info] 
[info] Created alias prod for playo-913ea.
[info] Now using alias prod (playo-913ea)
[debug] [2024-01-27T15:41:51.566Z] Error: Timed out.
    at Timeout._onTimeout (/opt/homebrew/lib/node_modules/firebase-tools/lib/utils.js:258:49)
    at listOnTimeout (node:internal/timers:573:17)
    at process.processTimers (node:internal/timers:514:7)
[error] 
[error] Error: An unexpected error has occurred.
